# JRE version: OpenJDK Runtime Environment (11.0.15) (build 11.0.15+0-b2043.56-8887301)
# Java VM: OpenJDK 64-Bit Server VM (11.0.15+0-b2043.56-8887301, mixed mode, tiered, compressed oops, g1 gc, windows-amd64)
Heap:
 garbage-first heap   total 499712K, used 149610K [0x0000000080000000, 0x0000000100000000)
  region size 1024K, 2 young (2048K), 2 survivors (2048K)
 Metaspace       used 104668K, capacity 107692K, committed 107824K, reserved 1142784K
  class space    used 13703K, capacity 14869K, committed 14976K, reserved 1048576K
GC Heap History (20 events):
Event: 24.379 GC heap after
{Heap after GC invocations=48 (full 0):
 garbage-first heap   total 155648K, used 129985K [0x0000000080000000, 0x0000000100000000)
  region size 1024K, 1 young (1024K), 1 survivors (1024K)
 Metaspace       used 101288K, capacity 104076K, committed 104240K, reserved 1138688K
  class space    used 13249K, capacity 14341K, committed 14464K, reserved 1048576K
}
Event: 24.405 GC heap before
{Heap before GC invocations=48 (full 0):
 garbage-first heap   total 155648K, used 136129K [0x0000000080000000, 0x0000000100000000)
  region size 1024K, 7 young (7168K), 1 survivors (1024K)
 Metaspace       used 101297K, capacity 104078K, committed 104240K, reserved 1138688K
  class space    used 13249K, capacity 14341K, committed 14464K, reserved 1048576K
}
Event: 24.409 GC heap after
{Heap after GC invocations=49 (full 0):
 garbage-first heap   total 155648K, used 133203K [0x0000000080000000, 0x0000000100000000)
  region size 1024K, 1 young (1024K), 1 survivors (1024K)
 Metaspace       used 101297K, capacity 104078K, committed 104240K, reserved 1138688K
  class space    used 13249K, capacity 14341K, committed 14464K, reserved 1048576K
}
Event: 24.442 GC heap before
{Heap before GC invocations=49 (full 0):
 garbage-first heap   total 155648K, used 138323K [0x0000000080000000, 0x0000000100000000)
  region size 1024K, 7 young (7168K), 1 survivors (1024K)
 Metaspace       used 101302K, capacity 104079K, committed 104240K, reserved 1138688K
  class space    used 13249K, capacity 14341K, committed 14464K, reserved 1048576K
}
Event: 24.445 GC heap after
{Heap after GC invocations=50 (full 0):
 garbage-first heap   total 155648K, used 136732K [0x0000000080000000, 0x0000000100000000)
  region size 1024K, 1 young (1024K), 1 survivors (1024K)
 Metaspace       used 101302K, capacity 104079K, committed 104240K, reserved 1138688K
  class space    used 13249K, capacity 14341K, committed 14464K, reserved 1048576K
}
Event: 24.477 GC heap before
{Heap before GC invocations=50 (full 0):
 garbage-first heap   total 155648K, used 142876K [0x0000000080000000, 0x0000000100000000)
  region size 1024K, 7 young (7168K), 1 survivors (1024K)
 Metaspace       used 101306K, capacity 104079K, committed 104240K, reserved 1138688K
  class space    used 13249K, capacity 14341K, committed 14464K, reserved 1048576K
}
Event: 24.480 GC heap after
{Heap after GC invocations=51 (full 0):
 garbage-first heap   total 155648K, used 140689K [0x0000000080000000, 0x0000000100000000)
  region size 1024K, 1 young (1024K), 1 survivors (1024K)
 Metaspace       used 101306K, capacity 104079K, committed 104240K, reserved 1138688K
  class space    used 13249K, capacity 14341K, committed 14464K, reserved 1048576K
}
Event: 24.519 GC heap before
{Heap before GC invocations=51 (full 0):
 garbage-first heap   total 155648K, used 146833K [0x0000000080000000, 0x0000000100000000)
  region size 1024K, 7 young (7168K), 1 survivors (1024K)
 Metaspace       used 101312K, capacity 104082K, committed 104240K, reserved 1138688K
  class space    used 13249K, capacity 14341K, committed 14464K, reserved 1048576K
}
Event: 24.522 GC heap after
{Heap after GC invocations=52 (full 0):
 garbage-first heap   total 155648K, used 144199K [0x0000000080000000, 0x0000000100000000)
  region size 1024K, 1 young (1024K), 1 survivors (1024K)
 Metaspace       used 101312K, capacity 104082K, committed 104240K, reserved 1138688K
  class space    used 13249K, capacity 14341K, committed 14464K, reserved 1048576K
}
Event: 24.572 GC heap before
{Heap before GC invocations=52 (full 0):
 garbage-first heap   total 155648K, used 150343K [0x0000000080000000, 0x0000000100000000)
  region size 1024K, 7 young (7168K), 1 survivors (1024K)
 Metaspace       used 101251K, capacity 103984K, committed 104496K, reserved 1138688K
  class space    used 13215K, capacity 14279K, committed 14464K, reserved 1048576K
}
Event: 24.576 GC heap after
{Heap after GC invocations=53 (full 0):
 garbage-first heap   total 155648K, used 147611K [0x0000000080000000, 0x0000000100000000)
  region size 1024K, 1 young (1024K), 1 survivors (1024K)
 Metaspace       used 101251K, capacity 103984K, committed 104496K, reserved 1138688K
  class space    used 13215K, capacity 14279K, committed 14464K, reserved 1048576K
}
Event: 24.624 GC heap before
{Heap before GC invocations=53 (full 0):
 garbage-first heap   total 155648K, used 153755K [0x0000000080000000, 0x0000000100000000)
  region size 1024K, 7 young (7168K), 1 survivors (1024K)
 Metaspace       used 101482K, capacity 104189K, committed 104496K, reserved 1138688K
  class space    used 13243K, capacity 14283K, committed 14464K, reserved 1048576K
}
Event: 24.664 GC heap after
{Heap after GC invocations=54 (full 0):
 garbage-first heap   total 200704K, used 150921K [0x0000000080000000, 0x0000000100000000)
  region size 1024K, 1 young (1024K), 1 survivors (1024K)
 Metaspace       used 101482K, capacity 104189K, committed 104496K, reserved 1138688K
  class space    used 13243K, capacity 14283K, committed 14464K, reserved 1048576K
}
Event: 24.916 GC heap before
{Heap before GC invocations=55 (full 0):
 garbage-first heap   total 200704K, used 161161K [0x0000000080000000, 0x0000000100000000)
  region size 1024K, 11 young (11264K), 1 survivors (1024K)
 Metaspace       used 103549K, capacity 106341K, committed 106544K, reserved 1140736K
  class space    used 13541K, capacity 14635K, committed 14720K, reserved 1048576K
}
Event: 24.918 GC heap after
{Heap after GC invocations=56 (full 0):
 garbage-first heap   total 200704K, used 151763K [0x0000000080000000, 0x0000000100000000)
  region size 1024K, 2 young (2048K), 2 survivors (2048K)
 Metaspace       used 103549K, capacity 106341K, committed 106544K, reserved 1140736K
  class space    used 13541K, capacity 14635K, committed 14720K, reserved 1048576K
}
Event: 25.067 GC heap before
{Heap before GC invocations=56 (full 0):
 garbage-first heap   total 200704K, used 162003K [0x0000000080000000, 0x0000000100000000)
  region size 1024K, 13 young (13312K), 2 survivors (2048K)
 Metaspace       used 104187K, capacity 107183K, committed 107440K, reserved 1142784K
  class space    used 13642K, capacity 14788K, committed 14848K, reserved 1048576K
}
Event: 25.081 GC heap after
{Heap after GC invocations=57 (full 0):
 garbage-first heap   total 200704K, used 152065K [0x0000000080000000, 0x0000000100000000)
  region size 1024K, 2 young (2048K), 2 survivors (2048K)
 Metaspace       used 104187K, capacity 107183K, committed 107440K, reserved 1142784K
  class space    used 13642K, capacity 14788K, committed 14848K, reserved 1048576K
}
Event: 25.204 GC heap before
{Heap before GC invocations=57 (full 0):
 garbage-first heap   total 200704K, used 163329K [0x0000000080000000, 0x0000000100000000)
  region size 1024K, 13 young (13312K), 2 survivors (2048K)
 Metaspace       used 104441K, capacity 107480K, committed 107696K, reserved 1142784K
  class space    used 13676K, capacity 14844K, committed 14848K, reserved 1048576K
}
Event: 25.207 GC heap after
{Heap after GC invocations=58 (full 0):
 garbage-first heap   total 200704K, used 153155K [0x0000000080000000, 0x0000000100000000)
  region size 1024K, 2 young (2048K), 2 survivors (2048K)
 Metaspace       used 104441K, capacity 107480K, committed 107696K, reserved 1142784K
  class space    used 13676K, capacity 14844K, committed 14848K, reserved 1048576K
}
Event: 25.296 GC heap before
{Heap before GC invocations=58 (full 0):
 garbage-first heap   total 200704K, used 160323K [0x0000000080000000, 0x0000000100000000)
  region size 1024K, 14 young (14336K), 2 survivors (2048K)
 Metaspace       used 104668K, capacity 107692K, committed 107824K, reserved 1142784K
  class space    used 13703K, capacity 14869K, committed 14976K, reserved 1048576K
}

