# JRE version: OpenJDK Runtime Environment (11.0.15) (build 11.0.15+0-b2043.56-8887301)
# Java VM: OpenJDK 64-Bit Server VM (11.0.15+0-b2043.56-8887301, mixed mode, tiered, compressed oops, g1 gc, windows-amd64)
Heap:
 garbage-first heap   total 295936K, used 144967K [0x0000000080000000, 0x0000000100000000)
  region size 1024K, 2 young (2048K), 1 survivors (1024K)
 Metaspace       used 98032K, capacity 100764K, committed 101040K, reserved 1136640K
  class space    used 12911K, capacity 13976K, committed 14080K, reserved 1048576K
GC Heap History (20 events):
Event: 24.802 GC heap before
{Heap before GC invocations=53 (full 0):
 garbage-first heap   total 129024K, used 118852K [0x0000000080000000, 0x0000000100000000)
  region size 1024K, 6 young (6144K), 1 survivors (1024K)
 Metaspace       used 97731K, capacity 100466K, committed 100784K, reserved 1136640K
  class space    used 12895K, capacity 13968K, committed 14080K, reserved 1048576K
}
Event: 24.806 GC heap after
{Heap after GC invocations=54 (full 0):
 garbage-first heap   total 129024K, used 115935K [0x0000000080000000, 0x0000000100000000)
  region size 1024K, 1 young (1024K), 1 survivors (1024K)
 Metaspace       used 97731K, capacity 100466K, committed 100784K, reserved 1136640K
  class space    used 12895K, capacity 13968K, committed 14080K, reserved 1048576K
}
Event: 24.906 GC heap before
{Heap before GC invocations=54 (full 0):
 garbage-first heap   total 129024K, used 121055K [0x0000000080000000, 0x0000000100000000)
  region size 1024K, 6 young (6144K), 1 survivors (1024K)
 Metaspace       used 97894K, capacity 100619K, committed 100784K, reserved 1136640K
  class space    used 12911K, capacity 13976K, committed 14080K, reserved 1048576K
}
Event: 24.910 GC heap after
{Heap after GC invocations=55 (full 0):
 garbage-first heap   total 129024K, used 118322K [0x0000000080000000, 0x0000000100000000)
  region size 1024K, 1 young (1024K), 1 survivors (1024K)
 Metaspace       used 97894K, capacity 100619K, committed 100784K, reserved 1136640K
  class space    used 12911K, capacity 13976K, committed 14080K, reserved 1048576K
}
Event: 24.926 GC heap before
{Heap before GC invocations=55 (full 0):
 garbage-first heap   total 129024K, used 122418K [0x0000000080000000, 0x0000000100000000)
  region size 1024K, 6 young (6144K), 1 survivors (1024K)
 Metaspace       used 97906K, capacity 100620K, committed 100784K, reserved 1136640K
  class space    used 12911K, capacity 13976K, committed 14080K, reserved 1048576K
}
Event: 24.930 GC heap after
{Heap after GC invocations=56 (full 0):
 garbage-first heap   total 129024K, used 120976K [0x0000000080000000, 0x0000000100000000)
  region size 1024K, 1 young (1024K), 1 survivors (1024K)
 Metaspace       used 97906K, capacity 100620K, committed 100784K, reserved 1136640K
  class space    used 12911K, capacity 13976K, committed 14080K, reserved 1048576K
}
Event: 24.944 GC heap before
{Heap before GC invocations=56 (full 0):
 garbage-first heap   total 129024K, used 126096K [0x0000000080000000, 0x0000000100000000)
  region size 1024K, 6 young (6144K), 1 survivors (1024K)
 Metaspace       used 97961K, capacity 100688K, committed 101040K, reserved 1136640K
  class space    used 12911K, capacity 13976K, committed 14080K, reserved 1048576K
}
Event: 24.948 GC heap after
{Heap after GC invocations=57 (full 0):
 garbage-first heap   total 130048K, used 123858K [0x0000000080000000, 0x0000000100000000)
  region size 1024K, 1 young (1024K), 1 survivors (1024K)
 Metaspace       used 97961K, capacity 100688K, committed 101040K, reserved 1136640K
  class space    used 12911K, capacity 13976K, committed 14080K, reserved 1048576K
}
Event: 24.961 GC heap before
{Heap before GC invocations=58 (full 0):
 garbage-first heap   total 130048K, used 127954K [0x0000000080000000, 0x0000000100000000)
  region size 1024K, 6 young (6144K), 1 survivors (1024K)
 Metaspace       used 97995K, capacity 100694K, committed 101040K, reserved 1136640K
  class space    used 12911K, capacity 13976K, committed 14080K, reserved 1048576K
}
Event: 24.964 GC heap after
{Heap after GC invocations=59 (full 0):
 garbage-first heap   total 133120K, used 126632K [0x0000000080000000, 0x0000000100000000)
  region size 1024K, 1 young (1024K), 1 survivors (1024K)
 Metaspace       used 97995K, capacity 100694K, committed 101040K, reserved 1136640K
  class space    used 12911K, capacity 13976K, committed 14080K, reserved 1048576K
}
Event: 24.975 GC heap before
{Heap before GC invocations=59 (full 0):
 garbage-first heap   total 133120K, used 131752K [0x0000000080000000, 0x0000000100000000)
  region size 1024K, 6 young (6144K), 1 survivors (1024K)
 Metaspace       used 98010K, capacity 100761K, committed 101040K, reserved 1136640K
  class space    used 12911K, capacity 13976K, committed 14080K, reserved 1048576K
}
Event: 24.980 GC heap after
{Heap after GC invocations=60 (full 0):
 garbage-first heap   total 169984K, used 129397K [0x0000000080000000, 0x0000000100000000)
  region size 1024K, 1 young (1024K), 1 survivors (1024K)
 Metaspace       used 98010K, capacity 100761K, committed 101040K, reserved 1136640K
  class space    used 12911K, capacity 13976K, committed 14080K, reserved 1048576K
}
Event: 25.002 GC heap before
{Heap before GC invocations=60 (full 0):
 garbage-first heap   total 169984K, used 137589K [0x0000000080000000, 0x0000000100000000)
  region size 1024K, 9 young (9216K), 1 survivors (1024K)
 Metaspace       used 98019K, capacity 100762K, committed 101040K, reserved 1136640K
  class space    used 12911K, capacity 13976K, committed 14080K, reserved 1048576K
}
Event: 25.007 GC heap after
{Heap after GC invocations=61 (full 0):
 garbage-first heap   total 169984K, used 133673K [0x0000000080000000, 0x0000000100000000)
  region size 1024K, 2 young (2048K), 2 survivors (2048K)
 Metaspace       used 98019K, capacity 100762K, committed 101040K, reserved 1136640K
  class space    used 12911K, capacity 13976K, committed 14080K, reserved 1048576K
}
Event: 25.025 GC heap before
{Heap before GC invocations=61 (full 0):
 garbage-first heap   total 169984K, used 140841K [0x0000000080000000, 0x0000000100000000)
  region size 1024K, 9 young (9216K), 2 survivors (2048K)
 Metaspace       used 98027K, capacity 100764K, committed 101040K, reserved 1136640K
  class space    used 12911K, capacity 13976K, committed 14080K, reserved 1048576K
}
Event: 25.029 GC heap after
{Heap after GC invocations=62 (full 0):
 garbage-first heap   total 169984K, used 137716K [0x0000000080000000, 0x0000000100000000)
  region size 1024K, 2 young (2048K), 2 survivors (2048K)
 Metaspace       used 98027K, capacity 100764K, committed 101040K, reserved 1136640K
  class space    used 12911K, capacity 13976K, committed 14080K, reserved 1048576K
}
Event: 25.046 GC heap before
{Heap before GC invocations=62 (full 0):
 garbage-first heap   total 169984K, used 142836K [0x0000000080000000, 0x0000000100000000)
  region size 1024K, 8 young (8192K), 2 survivors (2048K)
 Metaspace       used 98032K, capacity 100764K, committed 101040K, reserved 1136640K
  class space    used 12911K, capacity 13976K, committed 14080K, reserved 1048576K
}
Event: 25.051 GC heap after
{Heap after GC invocations=63 (full 0):
 garbage-first heap   total 169984K, used 141134K [0x0000000080000000, 0x0000000100000000)
  region size 1024K, 1 young (1024K), 1 survivors (1024K)
 Metaspace       used 98032K, capacity 100764K, committed 101040K, reserved 1136640K
  class space    used 12911K, capacity 13976K, committed 14080K, reserved 1048576K
}
Event: 25.072 GC heap before
{Heap before GC invocations=63 (full 0):
 garbage-first heap   total 169984K, used 148302K [0x0000000080000000, 0x0000000100000000)
  region size 1024K, 8 young (8192K), 1 survivors (1024K)
 Metaspace       used 98032K, capacity 100764K, committed 101040K, reserved 1136640K
  class space    used 12911K, capacity 13976K, committed 14080K, reserved 1048576K
}
Event: 25.081 GC heap after
{Heap after GC invocations=64 (full 0):
 garbage-first heap   total 295936K, used 144967K [0x0000000080000000, 0x0000000100000000)
  region size 1024K, 1 young (1024K), 1 survivors (1024K)
 Metaspace       used 98032K, capacity 100764K, committed 101040K, reserved 1136640K
  class space    used 12911K, capacity 13976K, committed 14080K, reserved 1048576K
}

