# JRE version: OpenJDK Runtime Environment (11.0.15) (build 11.0.15+0-b2043.56-8887301)
# Java VM: OpenJDK 64-Bit Server VM (11.0.15+0-b2043.56-8887301, mixed mode, tiered, compressed oops, g1 gc, windows-amd64)
Heap:
 garbage-first heap   total 476160K, used 172392K [0x0000000080000000, 0x0000000100000000)
  region size 1024K, 5 young (5120K), 5 survivors (5120K)
 Metaspace       used 125628K, capacity 129271K, committed 130224K, reserved 1161216K
  class space    used 16152K, capacity 17530K, committed 17920K, reserved 1048576K
GC Heap History (20 events):
Event: 47.893 GC heap after
{Heap after GC invocations=64 (full 0):
 garbage-first heap   total 158720K, used 132767K [0x0000000080000000, 0x0000000100000000)
  region size 1024K, 1 young (1024K), 1 survivors (1024K)
 Metaspace       used 124307K, capacity 128192K, committed 128432K, reserved 1161216K
  class space    used 16051K, capacity 17597K, committed 17664K, reserved 1048576K
}
Event: 47.967 GC heap before
{Heap before GC invocations=64 (full 0):
 garbage-first heap   total 158720K, used 138911K [0x0000000080000000, 0x0000000100000000)
  region size 1024K, 7 young (7168K), 1 survivors (1024K)
 Metaspace       used 123886K, capacity 127370K, committed 128816K, reserved 1161216K
  class space    used 15885K, capacity 17248K, committed 17792K, reserved 1048576K
}
Event: 47.972 GC heap after
{Heap after GC invocations=65 (full 0):
 garbage-first heap   total 158720K, used 134829K [0x0000000080000000, 0x0000000100000000)
  region size 1024K, 1 young (1024K), 1 survivors (1024K)
 Metaspace       used 123886K, capacity 127370K, committed 128816K, reserved 1161216K
  class space    used 15885K, capacity 17248K, committed 17792K, reserved 1048576K
}
Event: 48.027 GC heap before
{Heap before GC invocations=66 (full 0):
 garbage-first heap   total 158720K, used 140973K [0x0000000080000000, 0x0000000100000000)
  region size 1024K, 7 young (7168K), 1 survivors (1024K)
 Metaspace       used 124773K, capacity 128337K, committed 129456K, reserved 1161216K
  class space    used 16108K, capacity 17488K, committed 17920K, reserved 1048576K
}
Event: 48.031 GC heap after
{Heap after GC invocations=67 (full 0):
 garbage-first heap   total 190464K, used 137216K [0x0000000080000000, 0x0000000100000000)
  region size 1024K, 1 young (1024K), 1 survivors (1024K)
 Metaspace       used 124773K, capacity 128337K, committed 129456K, reserved 1161216K
  class space    used 16108K, capacity 17488K, committed 17920K, reserved 1048576K
}
Event: 48.101 GC heap before
{Heap before GC invocations=67 (full 0):
 garbage-first heap   total 190464K, used 144384K [0x0000000080000000, 0x0000000100000000)
  region size 1024K, 9 young (9216K), 1 survivors (1024K)
 Metaspace       used 124969K, capacity 128538K, committed 129712K, reserved 1161216K
  class space    used 16109K, capacity 17488K, committed 17920K, reserved 1048576K
}
Event: 48.106 GC heap after
{Heap after GC invocations=68 (full 0):
 garbage-first heap   total 190464K, used 134961K [0x0000000080000000, 0x0000000100000000)
  region size 1024K, 2 young (2048K), 2 survivors (2048K)
 Metaspace       used 124969K, capacity 128538K, committed 129712K, reserved 1161216K
  class space    used 16109K, capacity 17488K, committed 17920K, reserved 1048576K
}
Event: 48.162 GC heap before
{Heap before GC invocations=68 (full 0):
 garbage-first heap   total 190464K, used 149297K [0x0000000080000000, 0x0000000100000000)
  region size 1024K, 16 young (16384K), 2 survivors (2048K)
 Metaspace       used 125007K, capacity 128547K, committed 129712K, reserved 1161216K
  class space    used 16110K, capacity 17489K, committed 17920K, reserved 1048576K
}
Event: 48.171 GC heap after
{Heap after GC invocations=69 (full 0):
 garbage-first heap   total 190464K, used 142529K [0x0000000080000000, 0x0000000100000000)
  region size 1024K, 2 young (2048K), 2 survivors (2048K)
 Metaspace       used 125007K, capacity 128547K, committed 129712K, reserved 1161216K
  class space    used 16110K, capacity 17489K, committed 17920K, reserved 1048576K
}
Event: 48.229 GC heap before
{Heap before GC invocations=69 (full 0):
 garbage-first heap   total 190464K, used 152769K [0x0000000080000000, 0x0000000100000000)
  region size 1024K, 13 young (13312K), 2 survivors (2048K)
 Metaspace       used 125013K, capacity 128547K, committed 129712K, reserved 1161216K
  class space    used 16110K, capacity 17489K, committed 17920K, reserved 1048576K
}
Event: 48.234 GC heap after
{Heap after GC invocations=70 (full 0):
 garbage-first heap   total 190464K, used 149263K [0x0000000080000000, 0x0000000100000000)
  region size 1024K, 2 young (2048K), 2 survivors (2048K)
 Metaspace       used 125013K, capacity 128547K, committed 129712K, reserved 1161216K
  class space    used 16110K, capacity 17489K, committed 17920K, reserved 1048576K
}
Event: 48.280 GC heap before
{Heap before GC invocations=70 (full 0):
 garbage-first heap   total 190464K, used 158479K [0x0000000080000000, 0x0000000100000000)
  region size 1024K, 11 young (11264K), 2 survivors (2048K)
 Metaspace       used 125020K, capacity 128612K, committed 129712K, reserved 1161216K
  class space    used 16110K, capacity 17489K, committed 17920K, reserved 1048576K
}
Event: 48.286 GC heap after
{Heap after GC invocations=71 (full 0):
 garbage-first heap   total 272384K, used 154624K [0x0000000080000000, 0x0000000100000000)
  region size 1024K, 2 young (2048K), 2 survivors (2048K)
 Metaspace       used 125020K, capacity 128612K, committed 129712K, reserved 1161216K
  class space    used 16110K, capacity 17489K, committed 17920K, reserved 1048576K
}
Event: 48.509 GC heap before
{Heap before GC invocations=72 (full 0):
 garbage-first heap   total 272384K, used 186368K [0x0000000080000000, 0x0000000100000000)
  region size 1024K, 34 young (34816K), 2 survivors (2048K)
 Metaspace       used 125430K, capacity 129064K, committed 129968K, reserved 1161216K
  class space    used 16155K, capacity 17537K, committed 17920K, reserved 1048576K
}
Event: 48.516 GC heap after
{Heap after GC invocations=73 (full 0):
 garbage-first heap   total 272384K, used 161679K [0x0000000080000000, 0x0000000100000000)
  region size 1024K, 5 young (5120K), 5 survivors (5120K)
 Metaspace       used 125430K, capacity 129064K, committed 129968K, reserved 1161216K
  class space    used 16155K, capacity 17537K, committed 17920K, reserved 1048576K
}
Event: 48.672 GC heap before
{Heap before GC invocations=73 (full 0):
 garbage-first heap   total 272384K, used 195471K [0x0000000080000000, 0x0000000100000000)
  region size 1024K, 38 young (38912K), 5 survivors (5120K)
 Metaspace       used 125592K, capacity 129238K, committed 130224K, reserved 1161216K
  class space    used 16160K, capacity 17544K, committed 17920K, reserved 1048576K
}
Event: 48.680 GC heap after
{Heap after GC invocations=74 (full 0):
 garbage-first heap   total 272384K, used 165924K [0x0000000080000000, 0x0000000100000000)
  region size 1024K, 3 young (3072K), 3 survivors (3072K)
 Metaspace       used 125592K, capacity 129238K, committed 130224K, reserved 1161216K
  class space    used 16160K, capacity 17544K, committed 17920K, reserved 1048576K
}
Event: 48.686 GC heap before
{Heap before GC invocations=74 (full 0):
 garbage-first heap   total 272384K, used 166948K [0x0000000080000000, 0x0000000100000000)
  region size 1024K, 5 young (5120K), 3 survivors (3072K)
 Metaspace       used 125592K, capacity 129238K, committed 130224K, reserved 1161216K
  class space    used 16160K, capacity 17544K, committed 17920K, reserved 1048576K
}
Event: 48.691 GC heap after
{Heap after GC invocations=75 (full 0):
 garbage-first heap   total 272384K, used 166443K [0x0000000080000000, 0x0000000100000000)
  region size 1024K, 1 young (1024K), 1 survivors (1024K)
 Metaspace       used 125592K, capacity 129238K, committed 130224K, reserved 1161216K
  class space    used 16160K, capacity 17544K, committed 17920K, reserved 1048576K
}
Event: 49.038 GC heap before
{Heap before GC invocations=76 (full 0):
 garbage-first heap   total 272384K, used 201259K [0x0000000080000000, 0x0000000100000000)
  region size 1024K, 34 young (34816K), 1 survivors (1024K)
 Metaspace       used 125628K, capacity 129271K, committed 130224K, reserved 1161216K
  class space    used 16152K, capacity 17530K, committed 17920K, reserved 1048576K
}

