# JRE version: OpenJDK Runtime Environment (11.0.15) (build 11.0.15+0-b2043.56-8887301)
# Java VM: OpenJDK 64-Bit Server VM (11.0.15+0-b2043.56-8887301, mixed mode, tiered, compressed oops, g1 gc, windows-amd64)
Heap:
 garbage-first heap   total 391168K, used 219448K [0x0000000080000000, 0x0000000100000000)
  region size 1024K, 2 young (2048K), 2 survivors (2048K)
 Metaspace       used 133656K, capacity 137728K, committed 139568K, reserved 1169408K
  class space    used 16743K, capacity 18303K, committed 19072K, reserved 1048576K
GC Heap History (20 events):
Event: 44.331 GC heap after
{Heap after GC invocations=82 (full 0):
 garbage-first heap   total 284672K, used 208856K [0x0000000080000000, 0x0000000100000000)
  region size 1024K, 5 young (5120K), 5 survivors (5120K)
 Metaspace       used 133584K, capacity 138231K, committed 138544K, reserved 1169408K
  class space    used 17106K, capacity 18997K, committed 19072K, reserved 1048576K
}
Event: 44.468 GC heap before
{Heap before GC invocations=82 (full 0):
 garbage-first heap   total 284672K, used 238552K [0x0000000080000000, 0x0000000100000000)
  region size 1024K, 35 young (35840K), 5 survivors (5120K)
 Metaspace       used 133899K, capacity 138566K, committed 138800K, reserved 1169408K
  class space    used 17133K, capacity 19022K, committed 19072K, reserved 1048576K
}
Event: 44.475 GC heap after
{Heap after GC invocations=83 (full 0):
 garbage-first heap   total 284672K, used 213569K [0x0000000080000000, 0x0000000100000000)
  region size 1024K, 5 young (5120K), 5 survivors (5120K)
 Metaspace       used 133899K, capacity 138566K, committed 138800K, reserved 1169408K
  class space    used 17133K, capacity 19022K, committed 19072K, reserved 1048576K
}
Event: 44.673 GC heap before
{Heap before GC invocations=83 (full 0):
 garbage-first heap   total 284672K, used 206401K [0x0000000080000000, 0x0000000100000000)
  region size 1024K, 32 young (32768K), 5 survivors (5120K)
 Metaspace       used 133164K, capacity 137233K, committed 139056K, reserved 1169408K
  class space    used 16737K, capacity 18298K, committed 19072K, reserved 1048576K
}
Event: 44.679 GC heap after
{Heap after GC invocations=84 (full 0):
 garbage-first heap   total 284672K, used 180152K [0x0000000080000000, 0x0000000100000000)
  region size 1024K, 2 young (2048K), 2 survivors (2048K)
 Metaspace       used 133164K, capacity 137233K, committed 139056K, reserved 1169408K
  class space    used 16737K, capacity 18298K, committed 19072K, reserved 1048576K
}
Event: 44.964 GC heap before
{Heap before GC invocations=85 (full 0):
 garbage-first heap   total 284672K, used 243640K [0x0000000080000000, 0x0000000100000000)
  region size 1024K, 43 young (44032K), 2 survivors (2048K)
 Metaspace       used 133627K, capacity 137722K, committed 139568K, reserved 1169408K
  class space    used 16743K, capacity 18303K, committed 19072K, reserved 1048576K
}
Event: 44.971 GC heap after
{Heap after GC invocations=86 (full 0):
 garbage-first heap   total 284672K, used 197113K [0x0000000080000000, 0x0000000100000000)
  region size 1024K, 6 young (6144K), 6 survivors (6144K)
 Metaspace       used 133627K, capacity 137722K, committed 139568K, reserved 1169408K
  class space    used 16743K, capacity 18303K, committed 19072K, reserved 1048576K
}
Event: 44.985 GC heap before
{Heap before GC invocations=86 (full 0):
 garbage-first heap   total 284672K, used 203257K [0x0000000080000000, 0x0000000100000000)
  region size 1024K, 13 young (13312K), 6 survivors (6144K)
 Metaspace       used 133627K, capacity 137722K, committed 139568K, reserved 1169408K
  class space    used 16743K, capacity 18303K, committed 19072K, reserved 1048576K
}
Event: 44.993 GC heap after
{Heap after GC invocations=87 (full 0):
 garbage-first heap   total 284672K, used 172627K [0x0000000080000000, 0x0000000100000000)
  region size 1024K, 2 young (2048K), 2 survivors (2048K)
 Metaspace       used 133627K, capacity 137722K, committed 139568K, reserved 1169408K
  class space    used 16743K, capacity 18303K, committed 19072K, reserved 1048576K
}
Event: 45.032 GC heap before
{Heap before GC invocations=87 (full 0):
 garbage-first heap   total 284672K, used 182867K [0x0000000080000000, 0x0000000100000000)
  region size 1024K, 13 young (13312K), 2 survivors (2048K)
 Metaspace       used 133627K, capacity 137722K, committed 139568K, reserved 1169408K
  class space    used 16743K, capacity 18303K, committed 19072K, reserved 1048576K
}
Event: 45.048 GC heap after
{Heap after GC invocations=88 (full 0):
 garbage-first heap   total 284672K, used 157131K [0x0000000080000000, 0x0000000100000000)
  region size 1024K, 2 young (2048K), 2 survivors (2048K)
 Metaspace       used 133627K, capacity 137722K, committed 139568K, reserved 1169408K
  class space    used 16743K, capacity 18303K, committed 19072K, reserved 1048576K
}
Event: 45.334 GC heap before
{Heap before GC invocations=88 (full 0):
 garbage-first heap   total 284672K, used 205258K [0x0000000080000000, 0x0000000100000000)
  region size 1024K, 50 young (51200K), 2 survivors (2048K)
 Metaspace       used 133633K, capacity 137723K, committed 139568K, reserved 1169408K
  class space    used 16743K, capacity 18303K, committed 19072K, reserved 1048576K
}
Event: 45.355 GC heap after
{Heap after GC invocations=89 (full 0):
 garbage-first heap   total 284672K, used 183551K [0x0000000080000000, 0x0000000100000000)
  region size 1024K, 7 young (7168K), 7 survivors (7168K)
 Metaspace       used 133633K, capacity 137723K, committed 139568K, reserved 1169408K
  class space    used 16743K, capacity 18303K, committed 19072K, reserved 1048576K
}
Event: 45.495 GC heap before
{Heap before GC invocations=89 (full 0):
 garbage-first heap   total 284672K, used 218367K [0x0000000080000000, 0x0000000100000000)
  region size 1024K, 42 young (43008K), 7 survivors (7168K)
 Metaspace       used 133648K, capacity 137728K, committed 139568K, reserved 1169408K
  class space    used 16743K, capacity 18303K, committed 19072K, reserved 1048576K
}
Event: 45.510 GC heap after
{Heap after GC invocations=90 (full 0):
 garbage-first heap   total 284672K, used 191355K [0x0000000080000000, 0x0000000100000000)
  region size 1024K, 6 young (6144K), 6 survivors (6144K)
 Metaspace       used 133648K, capacity 137728K, committed 139568K, reserved 1169408K
  class space    used 16743K, capacity 18303K, committed 19072K, reserved 1048576K
}
Event: 45.842 GC heap before
{Heap before GC invocations=90 (full 0):
 garbage-first heap   total 284672K, used 233339K [0x0000000080000000, 0x0000000100000000)
  region size 1024K, 40 young (40960K), 6 survivors (6144K)
 Metaspace       used 133653K, capacity 137728K, committed 139568K, reserved 1169408K
  class space    used 16743K, capacity 18303K, committed 19072K, reserved 1048576K
}
Event: 45.850 GC heap after
{Heap after GC invocations=91 (full 0):
 garbage-first heap   total 284672K, used 203904K [0x0000000080000000, 0x0000000100000000)
  region size 1024K, 5 young (5120K), 5 survivors (5120K)
 Metaspace       used 133653K, capacity 137728K, committed 139568K, reserved 1169408K
  class space    used 16743K, capacity 18303K, committed 19072K, reserved 1048576K
}
Event: 45.918 GC heap before
{Heap before GC invocations=91 (full 0):
 garbage-first heap   total 284672K, used 234624K [0x0000000080000000, 0x0000000100000000)
  region size 1024K, 34 young (34816K), 5 survivors (5120K)
 Metaspace       used 133656K, capacity 137728K, committed 139568K, reserved 1169408K
  class space    used 16743K, capacity 18303K, committed 19072K, reserved 1048576K
}
Event: 45.926 GC heap after
{Heap after GC invocations=92 (full 0):
 garbage-first heap   total 284672K, used 212234K [0x0000000080000000, 0x0000000100000000)
  region size 1024K, 5 young (5120K), 5 survivors (5120K)
 Metaspace       used 133656K, capacity 137728K, committed 139568K, reserved 1169408K
  class space    used 16743K, capacity 18303K, committed 19072K, reserved 1048576K
}
Event: 46.005 GC heap before
{Heap before GC invocations=92 (full 0):
 garbage-first heap   total 284672K, used 245002K [0x0000000080000000, 0x0000000100000000)
  region size 1024K, 30 young (30720K), 5 survivors (5120K)
 Metaspace       used 133656K, capacity 137728K, committed 139568K, reserved 1169408K
  class space    used 16743K, capacity 18303K, committed 19072K, reserved 1048576K
}

