# JRE version: OpenJDK Runtime Environment (11.0.15) (build 11.0.15+0-b2043.56-8887301)
# Java VM: OpenJDK 64-Bit Server VM (11.0.15+0-b2043.56-8887301, mixed mode, tiered, compressed oops, g1 gc, windows-amd64)
Heap:
 garbage-first heap   total 350208K, used 147288K [0x0000000080000000, 0x0000000100000000)
  region size 1024K, 3 young (3072K), 3 survivors (3072K)
 Metaspace       used 94698K, capacity 97575K, committed 97840K, reserved 1134592K
  class space    used 12511K, capacity 13620K, committed 13696K, reserved 1048576K
GC Heap History (20 events):
Event: 20.667 GC heap after
{Heap after GC invocations=42 (full 0):
 garbage-first heap   total 136192K, used 120902K [0x0000000080000000, 0x0000000100000000)
  region size 1024K, 1 young (1024K), 1 survivors (1024K)
 Metaspace       used 90842K, capacity 93474K, committed 93616K, reserved 1130496K
  class space    used 12031K, capacity 13055K, committed 13056K, reserved 1048576K
}
Event: 20.701 GC heap before
{Heap before GC invocations=43 (full 0):
 garbage-first heap   total 136192K, used 126022K [0x0000000080000000, 0x0000000100000000)
  region size 1024K, 6 young (6144K), 1 survivors (1024K)
 Metaspace       used 90847K, capacity 93475K, committed 93616K, reserved 1130496K
  class space    used 12031K, capacity 13055K, committed 13056K, reserved 1048576K
}
Event: 20.704 GC heap after
{Heap after GC invocations=44 (full 0):
 garbage-first heap   total 136192K, used 123796K [0x0000000080000000, 0x0000000100000000)
  region size 1024K, 1 young (1024K), 1 survivors (1024K)
 Metaspace       used 90847K, capacity 93475K, committed 93616K, reserved 1130496K
  class space    used 12031K, capacity 13055K, committed 13056K, reserved 1048576K
}
Event: 20.728 GC heap before
{Heap before GC invocations=44 (full 0):
 garbage-first heap   total 136192K, used 127892K [0x0000000080000000, 0x0000000100000000)
  region size 1024K, 6 young (6144K), 1 survivors (1024K)
 Metaspace       used 90853K, capacity 93476K, committed 93616K, reserved 1130496K
  class space    used 12031K, capacity 13055K, committed 13056K, reserved 1048576K
}
Event: 20.732 GC heap after
{Heap after GC invocations=45 (full 0):
 garbage-first heap   total 163840K, used 126829K [0x0000000080000000, 0x0000000100000000)
  region size 1024K, 1 young (1024K), 1 survivors (1024K)
 Metaspace       used 90853K, capacity 93476K, committed 93616K, reserved 1130496K
  class space    used 12031K, capacity 13055K, committed 13056K, reserved 1048576K
}
Event: 20.770 GC heap before
{Heap before GC invocations=45 (full 0):
 garbage-first heap   total 163840K, used 133997K [0x0000000080000000, 0x0000000100000000)
  region size 1024K, 8 young (8192K), 1 survivors (1024K)
 Metaspace       used 90857K, capacity 93477K, committed 93616K, reserved 1130496K
  class space    used 12031K, capacity 13055K, committed 13056K, reserved 1048576K
}
Event: 20.774 GC heap after
{Heap after GC invocations=46 (full 0):
 garbage-first heap   total 163840K, used 131000K [0x0000000080000000, 0x0000000100000000)
  region size 1024K, 1 young (1024K), 1 survivors (1024K)
 Metaspace       used 90857K, capacity 93477K, committed 93616K, reserved 1130496K
  class space    used 12031K, capacity 13055K, committed 13056K, reserved 1048576K
}
Event: 20.822 GC heap before
{Heap before GC invocations=46 (full 0):
 garbage-first heap   total 163840K, used 138168K [0x0000000080000000, 0x0000000100000000)
  region size 1024K, 8 young (8192K), 1 survivors (1024K)
 Metaspace       used 90893K, capacity 93541K, committed 93616K, reserved 1130496K
  class space    used 12031K, capacity 13055K, committed 13056K, reserved 1048576K
}
Event: 20.827 GC heap after
{Heap after GC invocations=47 (full 0):
 garbage-first heap   total 163840K, used 134972K [0x0000000080000000, 0x0000000100000000)
  region size 1024K, 1 young (1024K), 1 survivors (1024K)
 Metaspace       used 90893K, capacity 93541K, committed 93616K, reserved 1130496K
  class space    used 12031K, capacity 13055K, committed 13056K, reserved 1048576K
}
Event: 20.871 GC heap before
{Heap before GC invocations=47 (full 0):
 garbage-first heap   total 163840K, used 141116K [0x0000000080000000, 0x0000000100000000)
  region size 1024K, 8 young (8192K), 1 survivors (1024K)
 Metaspace       used 90769K, capacity 93336K, committed 93616K, reserved 1130496K
  class space    used 11985K, capacity 12970K, committed 13056K, reserved 1048576K
}
Event: 20.876 GC heap after
{Heap after GC invocations=48 (full 0):
 garbage-first heap   total 163840K, used 139440K [0x0000000080000000, 0x0000000100000000)
  region size 1024K, 1 young (1024K), 1 survivors (1024K)
 Metaspace       used 90769K, capacity 93336K, committed 93616K, reserved 1130496K
  class space    used 11985K, capacity 12970K, committed 13056K, reserved 1048576K
}
Event: 21.032 GC heap before
{Heap before GC invocations=49 (full 0):
 garbage-first heap   total 163840K, used 146608K [0x0000000080000000, 0x0000000100000000)
  region size 1024K, 8 young (8192K), 1 survivors (1024K)
 Metaspace       used 92094K, capacity 94651K, committed 94896K, reserved 1130496K
  class space    used 12183K, capacity 13172K, committed 13312K, reserved 1048576K
}
Event: 21.037 GC heap after
{Heap after GC invocations=50 (full 0):
 garbage-first heap   total 244736K, used 140907K [0x0000000080000000, 0x0000000100000000)
  region size 1024K, 1 young (1024K), 1 survivors (1024K)
 Metaspace       used 92094K, capacity 94651K, committed 94896K, reserved 1130496K
  class space    used 12183K, capacity 13172K, committed 13312K, reserved 1048576K
}
Event: 21.327 GC heap before
{Heap before GC invocations=50 (full 0):
 garbage-first heap   total 244736K, used 167531K [0x0000000080000000, 0x0000000100000000)
  region size 1024K, 28 young (28672K), 1 survivors (1024K)
 Metaspace       used 93711K, capacity 96540K, committed 96688K, reserved 1132544K
  class space    used 12410K, capacity 13502K, committed 13568K, reserved 1048576K
}
Event: 21.331 GC heap after
{Heap after GC invocations=51 (full 0):
 garbage-first heap   total 244736K, used 143299K [0x0000000080000000, 0x0000000100000000)
  region size 1024K, 4 young (4096K), 4 survivors (4096K)
 Metaspace       used 93711K, capacity 96540K, committed 96688K, reserved 1132544K
  class space    used 12410K, capacity 13502K, committed 13568K, reserved 1048576K
}
Event: 21.565 GC heap before
{Heap before GC invocations=52 (full 0):
 garbage-first heap   total 244736K, used 165827K [0x0000000080000000, 0x0000000100000000)
  region size 1024K, 32 young (32768K), 4 survivors (4096K)
 Metaspace       used 94495K, capacity 97363K, committed 97584K, reserved 1132544K
  class space    used 12500K, capacity 13597K, committed 13696K, reserved 1048576K
}
Event: 21.571 GC heap after
{Heap after GC invocations=53 (full 0):
 garbage-first heap   total 244736K, used 140658K [0x0000000080000000, 0x0000000100000000)
  region size 1024K, 3 young (3072K), 3 survivors (3072K)
 Metaspace       used 94495K, capacity 97363K, committed 97584K, reserved 1132544K
  class space    used 12500K, capacity 13597K, committed 13696K, reserved 1048576K
}
Event: 21.589 GC heap before
{Heap before GC invocations=53 (full 0):
 garbage-first heap   total 244736K, used 142706K [0x0000000080000000, 0x0000000100000000)
  region size 1024K, 7 young (7168K), 3 survivors (3072K)
 Metaspace       used 94496K, capacity 97364K, committed 97584K, reserved 1132544K
  class space    used 12500K, capacity 13597K, committed 13696K, reserved 1048576K
}
Event: 21.593 GC heap after
{Heap after GC invocations=54 (full 0):
 garbage-first heap   total 244736K, used 140860K [0x0000000080000000, 0x0000000100000000)
  region size 1024K, 4 young (4096K), 4 survivors (4096K)
 Metaspace       used 94496K, capacity 97364K, committed 97584K, reserved 1132544K
  class space    used 12500K, capacity 13597K, committed 13696K, reserved 1048576K
}
Event: 21.922 GC heap before
{Heap before GC invocations=55 (full 0):
 garbage-first heap   total 244736K, used 181820K [0x0000000080000000, 0x0000000100000000)
  region size 1024K, 39 young (39936K), 4 survivors (4096K)
 Metaspace       used 94698K, capacity 97575K, committed 97840K, reserved 1134592K
  class space    used 12511K, capacity 13620K, committed 13696K, reserved 1048576K
}

