# JRE version: OpenJDK Runtime Environment (11.0.15) (build 11.0.15+0-b2043.56-8887301)
# Java VM: OpenJDK 64-Bit Server VM (11.0.15+0-b2043.56-8887301, mixed mode, tiered, compressed oops, g1 gc, windows-amd64)
Heap:
 garbage-first heap   total 423936K, used 120332K [0x0000000080000000, 0x0000000100000000)
  region size 1024K, 9 young (9216K), 3 survivors (3072K)
 Metaspace       used 130205K, capacity 134574K, committed 134812K, reserved 1167360K
  class space    used 16169K, capacity 17804K, committed 17920K, reserved 1048576K
GC Heap History (20 events):
Event: 822.953 GC heap before
{Heap before GC invocations=108 (full 0):
 garbage-first heap   total 423936K, used 363433K [0x0000000080000000, 0x0000000100000000)
  region size 1024K, 208 young (212992K), 1 survivors (1024K)
 Metaspace       used 128760K, capacity 132814K, committed 133020K, reserved 1165312K
  class space    used 16075K, capacity 17635K, committed 17664K, reserved 1048576K
}
Event: 823.030 GC heap after
{Heap after GC invocations=109 (full 0):
 garbage-first heap   total 423936K, used 182772K [0x0000000080000000, 0x0000000100000000)
  region size 1024K, 26 young (26624K), 26 survivors (26624K)
 Metaspace       used 128760K, capacity 132814K, committed 133020K, reserved 1165312K
  class space    used 16075K, capacity 17635K, committed 17664K, reserved 1048576K
}
Event: 823.033 GC heap before
{Heap before GC invocations=109 (full 0):
 garbage-first heap   total 423936K, used 183796K [0x0000000080000000, 0x0000000100000000)
  region size 1024K, 27 young (27648K), 26 survivors (26624K)
 Metaspace       used 128760K, capacity 132814K, committed 133020K, reserved 1165312K
  class space    used 16075K, capacity 17635K, committed 17664K, reserved 1048576K
}
Event: 823.063 GC heap after
{Heap after GC invocations=110 (full 0):
 garbage-first heap   total 423936K, used 185675K [0x0000000080000000, 0x0000000100000000)
  region size 1024K, 3 young (3072K), 3 survivors (3072K)
 Metaspace       used 128760K, capacity 132814K, committed 133020K, reserved 1165312K
  class space    used 16075K, capacity 17635K, committed 17664K, reserved 1048576K
}
Event: 823.406 GC heap before
{Heap before GC invocations=110 (full 0):
 garbage-first heap   total 423936K, used 211275K [0x0000000080000000, 0x0000000100000000)
  region size 1024K, 29 young (29696K), 3 survivors (3072K)
 Metaspace       used 128769K, capacity 132878K, committed 133020K, reserved 1165312K
  class space    used 16075K, capacity 17635K, committed 17664K, reserved 1048576K
}
Event: 823.416 GC heap after
{Heap after GC invocations=111 (full 0):
 garbage-first heap   total 423936K, used 184540K [0x0000000080000000, 0x0000000100000000)
  region size 1024K, 2 young (2048K), 2 survivors (2048K)
 Metaspace       used 128769K, capacity 132878K, committed 133020K, reserved 1165312K
  class space    used 16075K, capacity 17635K, committed 17664K, reserved 1048576K
}
Event: 915.641 GC heap before
{Heap before GC invocations=112 (full 0):
 garbage-first heap   total 423936K, used 377052K [0x0000000080000000, 0x0000000100000000)
  region size 1024K, 154 young (157696K), 2 survivors (2048K)
 Metaspace       used 129326K, capacity 133466K, committed 133532K, reserved 1165312K
  class space    used 16087K, capacity 17656K, committed 17664K, reserved 1048576K
}
Event: 915.648 GC heap after
{Heap after GC invocations=113 (full 0):
 garbage-first heap   total 423936K, used 182032K [0x0000000080000000, 0x0000000100000000)
  region size 1024K, 9 young (9216K), 9 survivors (9216K)
 Metaspace       used 129326K, capacity 133466K, committed 133532K, reserved 1165312K
  class space    used 16087K, capacity 17656K, committed 17664K, reserved 1048576K
}
Event: 915.669 GC heap before
{Heap before GC invocations=113 (full 0):
 garbage-first heap   total 423936K, used 192272K [0x0000000080000000, 0x0000000100000000)
  region size 1024K, 20 young (20480K), 9 survivors (9216K)
 Metaspace       used 129330K, capacity 133466K, committed 133532K, reserved 1165312K
  class space    used 16087K, capacity 17656K, committed 17664K, reserved 1048576K
}
Event: 915.684 GC heap after
{Heap after GC invocations=114 (full 0):
 garbage-first heap   total 423936K, used 148307K [0x0000000080000000, 0x0000000100000000)
  region size 1024K, 3 young (3072K), 3 survivors (3072K)
 Metaspace       used 129330K, capacity 133466K, committed 133532K, reserved 1165312K
  class space    used 16087K, capacity 17656K, committed 17664K, reserved 1048576K
}
Event: 915.916 GC heap before
{Heap before GC invocations=114 (full 0):
 garbage-first heap   total 423936K, used 255827K [0x0000000080000000, 0x0000000100000000)
  region size 1024K, 110 young (112640K), 3 survivors (3072K)
 Metaspace       used 129335K, capacity 133468K, committed 133532K, reserved 1165312K
  class space    used 16087K, capacity 17656K, committed 17664K, reserved 1048576K
}
Event: 915.947 GC heap after
{Heap after GC invocations=115 (full 0):
 garbage-first heap   total 423936K, used 189696K [0x0000000080000000, 0x0000000100000000)
  region size 1024K, 23 young (23552K), 23 survivors (23552K)
 Metaspace       used 129335K, capacity 133468K, committed 133532K, reserved 1165312K
  class space    used 16087K, capacity 17656K, committed 17664K, reserved 1048576K
}
Event: 916.656 GC heap before
{Heap before GC invocations=116 (full 0):
 garbage-first heap   total 423936K, used 351231K [0x0000000080000000, 0x0000000100000000)
  region size 1024K, 140 young (143360K), 23 survivors (23552K)
 Metaspace       used 129394K, capacity 133601K, committed 133788K, reserved 1165312K
  class space    used 16087K, capacity 17656K, committed 17664K, reserved 1048576K
}
Event: 916.679 GC heap after
{Heap after GC invocations=117 (full 0):
 garbage-first heap   total 423936K, used 177540K [0x0000000080000000, 0x0000000100000000)
  region size 1024K, 3 young (3072K), 3 survivors (3072K)
 Metaspace       used 129394K, capacity 133601K, committed 133788K, reserved 1165312K
  class space    used 16087K, capacity 17656K, committed 17664K, reserved 1048576K
}
Event: 1030.695 GC heap before
{Heap before GC invocations=117 (full 0):
 garbage-first heap   total 423936K, used 194948K [0x0000000080000000, 0x0000000100000000)
  region size 1024K, 20 young (20480K), 3 survivors (3072K)
 Metaspace       used 129411K, capacity 133602K, committed 133788K, reserved 1165312K
  class space    used 16087K, capacity 17656K, committed 17664K, reserved 1048576K
}
Event: 1030.709 GC heap after
{Heap after GC invocations=118 (full 0):
 garbage-first heap   total 423936K, used 160709K [0x0000000080000000, 0x0000000100000000)
  region size 1024K, 3 young (3072K), 3 survivors (3072K)
 Metaspace       used 129411K, capacity 133602K, committed 133788K, reserved 1165312K
  class space    used 16087K, capacity 17656K, committed 17664K, reserved 1048576K
}
Event: 1031.075 GC heap before
{Heap before GC invocations=118 (full 0):
 garbage-first heap   total 423936K, used 186309K [0x0000000080000000, 0x0000000100000000)
  region size 1024K, 29 young (29696K), 3 survivors (3072K)
 Metaspace       used 129505K, capacity 133614K, committed 133788K, reserved 1165312K
  class space    used 16087K, capacity 17657K, committed 17664K, reserved 1048576K
}
Event: 1031.085 GC heap after
{Heap after GC invocations=119 (full 0):
 garbage-first heap   total 423936K, used 163901K [0x0000000080000000, 0x0000000100000000)
  region size 1024K, 7 young (7168K), 7 survivors (7168K)
 Metaspace       used 129505K, capacity 133614K, committed 133788K, reserved 1165312K
  class space    used 16087K, capacity 17657K, committed 17664K, reserved 1048576K
}
Event: 1379.304 GC heap before
{Heap before GC invocations=120 (full 0):
 garbage-first heap   total 423936K, used 315453K [0x0000000080000000, 0x0000000100000000)
  region size 1024K, 124 young (126976K), 7 survivors (7168K)
 Metaspace       used 129719K, capacity 133919K, committed 134172K, reserved 1165312K
  class space    used 16094K, capacity 17666K, committed 17792K, reserved 1048576K
}
Event: 1379.351 GC heap after
{Heap after GC invocations=121 (full 0):
 garbage-first heap   total 423936K, used 148921K [0x0000000080000000, 0x0000000100000000)
  region size 1024K, 3 young (3072K), 3 survivors (3072K)
 Metaspace       used 129719K, capacity 133919K, committed 134172K, reserved 1165312K
  class space    used 16094K, capacity 17666K, committed 17792K, reserved 1048576K
}

