# JRE version: OpenJDK Runtime Environment (11.0.15) (build 11.0.15+0-b2043.56-8887301)
# Java VM: OpenJDK 64-Bit Server VM (11.0.15+0-b2043.56-8887301, mixed mode, tiered, compressed oops, g1 gc, windows-amd64)
Heap:
 garbage-first heap   total 760832K, used 185440K [0x0000000080000000, 0x0000000100000000)
  region size 1024K, 2 young (2048K), 2 survivors (2048K)
 Metaspace       used 120196K, capacity 123839K, committed 125008K, reserved 1157120K
  class space    used 15562K, capacity 16991K, committed 17568K, reserved 1048576K
GC Heap History (20 events):
Event: 32.994 GC heap after
{Heap after GC invocations=61 (full 0):
 garbage-first heap   total 155648K, used 127364K [0x0000000080000000, 0x0000000100000000)
  region size 1024K, 1 young (1024K), 1 survivors (1024K)
 Metaspace       used 117212K, capacity 120650K, committed 122448K, reserved 1155072K
  class space    used 15167K, capacity 16508K, committed 17312K, reserved 1048576K
}
Event: 33.012 GC heap before
{Heap before GC invocations=61 (full 0):
 garbage-first heap   total 155648K, used 132484K [0x0000000080000000, 0x0000000100000000)
  region size 1024K, 7 young (7168K), 1 survivors (1024K)
 Metaspace       used 117212K, capacity 120650K, committed 122448K, reserved 1155072K
  class space    used 15167K, capacity 16508K, committed 17312K, reserved 1048576K
}
Event: 33.016 GC heap after
{Heap after GC invocations=62 (full 0):
 garbage-first heap   total 155648K, used 129540K [0x0000000080000000, 0x0000000100000000)
  region size 1024K, 1 young (1024K), 1 survivors (1024K)
 Metaspace       used 117212K, capacity 120650K, committed 122448K, reserved 1155072K
  class space    used 15167K, capacity 16508K, committed 17312K, reserved 1048576K
}
Event: 33.077 GC heap before
{Heap before GC invocations=62 (full 0):
 garbage-first heap   total 155648K, used 134660K [0x0000000080000000, 0x0000000100000000)
  region size 1024K, 7 young (7168K), 1 survivors (1024K)
 Metaspace       used 118040K, capacity 121623K, committed 123344K, reserved 1155072K
  class space    used 15387K, capacity 16759K, committed 17440K, reserved 1048576K
}
Event: 33.081 GC heap after
{Heap after GC invocations=63 (full 0):
 garbage-first heap   total 187392K, used 131944K [0x0000000080000000, 0x0000000100000000)
  region size 1024K, 1 young (1024K), 1 survivors (1024K)
 Metaspace       used 118040K, capacity 121623K, committed 123344K, reserved 1155072K
  class space    used 15387K, capacity 16759K, committed 17440K, reserved 1048576K
}
Event: 33.341 GC heap before
{Heap before GC invocations=64 (full 0):
 garbage-first heap   total 187392K, used 146280K [0x0000000080000000, 0x0000000100000000)
  region size 1024K, 15 young (15360K), 1 survivors (1024K)
 Metaspace       used 118358K, capacity 121893K, committed 123600K, reserved 1155072K
  class space    used 15388K, capacity 16759K, committed 17440K, reserved 1048576K
}
Event: 33.358 GC heap after
{Heap after GC invocations=65 (full 0):
 garbage-first heap   total 187392K, used 139626K [0x0000000080000000, 0x0000000100000000)
  region size 1024K, 2 young (2048K), 2 survivors (2048K)
 Metaspace       used 118358K, capacity 121893K, committed 123600K, reserved 1155072K
  class space    used 15388K, capacity 16759K, committed 17440K, reserved 1048576K
}
Event: 33.382 GC heap before
{Heap before GC invocations=65 (full 0):
 garbage-first heap   total 187392K, used 146794K [0x0000000080000000, 0x0000000100000000)
  region size 1024K, 9 young (9216K), 2 survivors (2048K)
 Metaspace       used 118372K, capacity 121897K, committed 123600K, reserved 1155072K
  class space    used 15388K, capacity 16759K, committed 17440K, reserved 1048576K
}
Event: 33.388 GC heap after
{Heap after GC invocations=66 (full 0):
 garbage-first heap   total 187392K, used 138240K [0x0000000080000000, 0x0000000100000000)
  region size 1024K, 2 young (2048K), 2 survivors (2048K)
 Metaspace       used 118372K, capacity 121897K, committed 123600K, reserved 1155072K
  class space    used 15388K, capacity 16759K, committed 17440K, reserved 1048576K
}
Event: 33.426 GC heap before
{Heap before GC invocations=66 (full 0):
 garbage-first heap   total 187392K, used 149504K [0x0000000080000000, 0x0000000100000000)
  region size 1024K, 14 young (14336K), 2 survivors (2048K)
 Metaspace       used 118374K, capacity 121897K, committed 123600K, reserved 1155072K
  class space    used 15388K, capacity 16759K, committed 17440K, reserved 1048576K
}
Event: 33.434 GC heap after
{Heap after GC invocations=67 (full 0):
 garbage-first heap   total 187392K, used 144934K [0x0000000080000000, 0x0000000100000000)
  region size 1024K, 2 young (2048K), 2 survivors (2048K)
 Metaspace       used 118374K, capacity 121897K, committed 123600K, reserved 1155072K
  class space    used 15388K, capacity 16759K, committed 17440K, reserved 1048576K
}
Event: 33.485 GC heap before
{Heap before GC invocations=67 (full 0):
 garbage-first heap   total 187392K, used 154150K [0x0000000080000000, 0x0000000100000000)
  region size 1024K, 11 young (11264K), 2 survivors (2048K)
 Metaspace       used 118378K, capacity 121898K, committed 123600K, reserved 1155072K
  class space    used 15388K, capacity 16759K, committed 17440K, reserved 1048576K
}
Event: 33.530 GC heap after
{Heap after GC invocations=68 (full 0):
 garbage-first heap   total 354304K, used 150400K [0x0000000080000000, 0x0000000100000000)
  region size 1024K, 2 young (2048K), 2 survivors (2048K)
 Metaspace       used 118378K, capacity 121898K, committed 123600K, reserved 1155072K
  class space    used 15388K, capacity 16759K, committed 17440K, reserved 1048576K
}
Event: 34.186 GC heap before
{Heap before GC invocations=69 (full 0):
 garbage-first heap   total 354304K, used 208768K [0x0000000080000000, 0x0000000100000000)
  region size 1024K, 59 young (60416K), 2 survivors (2048K)
 Metaspace       used 118869K, capacity 122416K, committed 123856K, reserved 1155072K
  class space    used 15430K, capacity 16801K, committed 17440K, reserved 1048576K
}
Event: 34.221 GC heap after
{Heap after GC invocations=70 (full 0):
 garbage-first heap   total 354304K, used 159968K [0x0000000080000000, 0x0000000100000000)
  region size 1024K, 8 young (8192K), 8 survivors (8192K)
 Metaspace       used 118869K, capacity 122416K, committed 123856K, reserved 1155072K
  class space    used 15430K, capacity 16801K, committed 17440K, reserved 1048576K
}
Event: 34.677 GC heap before
{Heap before GC invocations=70 (full 0):
 garbage-first heap   total 354304K, used 230624K [0x0000000080000000, 0x0000000100000000)
  region size 1024K, 68 young (69632K), 8 survivors (8192K)
 Metaspace       used 118965K, capacity 122569K, committed 123856K, reserved 1155072K
  class space    used 15434K, capacity 16806K, committed 17440K, reserved 1048576K
}
Event: 34.688 GC heap after
{Heap after GC invocations=71 (full 0):
 garbage-first heap   total 354304K, used 176755K [0x0000000080000000, 0x0000000100000000)
  region size 1024K, 7 young (7168K), 7 survivors (7168K)
 Metaspace       used 118965K, capacity 122569K, committed 123856K, reserved 1155072K
  class space    used 15434K, capacity 16806K, committed 17440K, reserved 1048576K
}
Event: 34.821 GC heap before
{Heap before GC invocations=71 (full 0):
 garbage-first heap   total 354304K, used 243315K [0x0000000080000000, 0x0000000100000000)
  region size 1024K, 67 young (68608K), 7 survivors (7168K)
 Metaspace       used 119022K, capacity 122641K, committed 124112K, reserved 1157120K
  class space    used 15435K, capacity 16808K, committed 17440K, reserved 1048576K
}
Event: 34.829 GC heap after
{Heap after GC invocations=72 (full 0):
 garbage-first heap   total 354304K, used 186153K [0x0000000080000000, 0x0000000100000000)
  region size 1024K, 3 young (3072K), 3 survivors (3072K)
 Metaspace       used 119022K, capacity 122641K, committed 124112K, reserved 1157120K
  class space    used 15435K, capacity 16808K, committed 17440K, reserved 1048576K
}
Event: 35.938 GC heap before
{Heap before GC invocations=72 (full 0):
 garbage-first heap   total 354304K, used 226089K [0x0000000080000000, 0x0000000100000000)
  region size 1024K, 38 young (38912K), 3 survivors (3072K)
 Metaspace       used 120196K, capacity 123839K, committed 125008K, reserved 1157120K
  class space    used 15562K, capacity 16991K, committed 17568K, reserved 1048576K
}

