# JRE version: OpenJDK Runtime Environment (11.0.15) (build 11.0.15+0-b2043.56-8887301)
# Java VM: OpenJDK 64-Bit Server VM (11.0.15+0-b2043.56-8887301, mixed mode, tiered, compressed oops, g1 gc, windows-amd64)
Heap:
 garbage-first heap   total 407552K, used 167737K [0x0000000080000000, 0x0000000100000000)
  region size 1024K, 2 young (2048K), 2 survivors (2048K)
 Metaspace       used 121456K, capacity 125245K, committed 127184K, reserved 1159168K
  class space    used 15633K, capacity 17108K, committed 17952K, reserved 1048576K
GC Heap History (20 events):
Event: 201.645 GC heap after
{Heap after GC invocations=68 (full 0):
 garbage-first heap   total 168960K, used 133515K [0x0000000080000000, 0x0000000100000000)
  region size 1024K, 2 young (2048K), 2 survivors (2048K)
 Metaspace       used 120362K, capacity 124744K, committed 125008K, reserved 1157120K
  class space    used 15715K, capacity 17517K, committed 17568K, reserved 1048576K
}
Event: 201.922 GC heap before
{Heap before GC invocations=68 (full 0):
 garbage-first heap   total 168960K, used 137611K [0x0000000080000000, 0x0000000100000000)
  region size 1024K, 7 young (7168K), 2 survivors (2048K)
 Metaspace       used 120666K, capacity 125088K, committed 125264K, reserved 1157120K
  class space    used 15748K, capacity 17539K, committed 17568K, reserved 1048576K
}
Event: 201.925 GC heap after
{Heap after GC invocations=69 (full 0):
 garbage-first heap   total 168960K, used 131816K [0x0000000080000000, 0x0000000100000000)
  region size 1024K, 1 young (1024K), 1 survivors (1024K)
 Metaspace       used 120666K, capacity 125088K, committed 125264K, reserved 1157120K
  class space    used 15748K, capacity 17539K, committed 17568K, reserved 1048576K
}
Event: 202.147 GC heap before
{Heap before GC invocations=70 (full 0):
 garbage-first heap   total 168960K, used 165608K [0x0000000080000000, 0x0000000100000000)
  region size 1024K, 15 young (15360K), 1 survivors (1024K)
 Metaspace       used 119549K, capacity 123107K, committed 125648K, reserved 1157120K
  class space    used 15309K, capacity 16724K, committed 17696K, reserved 1048576K
}
Event: 202.154 GC heap after
{Heap after GC invocations=71 (full 0):
 garbage-first heap   total 174080K, used 147050K [0x0000000080000000, 0x0000000100000000)
  region size 1024K, 2 young (2048K), 2 survivors (2048K)
 Metaspace       used 119549K, capacity 123107K, committed 125648K, reserved 1157120K
  class space    used 15309K, capacity 16724K, committed 17696K, reserved 1048576K
}
Event: 202.185 GC heap before
{Heap before GC invocations=71 (full 0):
 garbage-first heap   total 174080K, used 152170K [0x0000000080000000, 0x0000000100000000)
  region size 1024K, 8 young (8192K), 2 survivors (2048K)
 Metaspace       used 119588K, capacity 123172K, committed 125648K, reserved 1157120K
  class space    used 15309K, capacity 16724K, committed 17696K, reserved 1048576K
}
Event: 202.189 GC heap after
{Heap after GC invocations=72 (full 0):
 garbage-first heap   total 174080K, used 132527K [0x0000000080000000, 0x0000000100000000)
  region size 1024K, 1 young (1024K), 1 survivors (1024K)
 Metaspace       used 119588K, capacity 123172K, committed 125648K, reserved 1157120K
  class space    used 15309K, capacity 16724K, committed 17696K, reserved 1048576K
}
Event: 202.209 GC heap before
{Heap before GC invocations=72 (full 0):
 garbage-first heap   total 174080K, used 139695K [0x0000000080000000, 0x0000000100000000)
  region size 1024K, 8 young (8192K), 1 survivors (1024K)
 Metaspace       used 119590K, capacity 123172K, committed 125648K, reserved 1157120K
  class space    used 15309K, capacity 16724K, committed 17696K, reserved 1048576K
}
Event: 202.220 GC heap after
{Heap after GC invocations=73 (full 0):
 garbage-first heap   total 174080K, used 122502K [0x0000000080000000, 0x0000000100000000)
  region size 1024K, 1 young (1024K), 1 survivors (1024K)
 Metaspace       used 119590K, capacity 123172K, committed 125648K, reserved 1157120K
  class space    used 15309K, capacity 16724K, committed 17696K, reserved 1048576K
}
Event: 202.241 GC heap before
{Heap before GC invocations=73 (full 0):
 garbage-first heap   total 174080K, used 128646K [0x0000000080000000, 0x0000000100000000)
  region size 1024K, 8 young (8192K), 1 survivors (1024K)
 Metaspace       used 119590K, capacity 123172K, committed 125648K, reserved 1157120K
  class space    used 15309K, capacity 16724K, committed 17696K, reserved 1048576K
}
Event: 202.247 GC heap after
{Heap after GC invocations=74 (full 0):
 garbage-first heap   total 174080K, used 125264K [0x0000000080000000, 0x0000000100000000)
  region size 1024K, 1 young (1024K), 1 survivors (1024K)
 Metaspace       used 119590K, capacity 123172K, committed 125648K, reserved 1157120K
  class space    used 15309K, capacity 16724K, committed 17696K, reserved 1048576K
}
Event: 202.413 GC heap before
{Heap before GC invocations=74 (full 0):
 garbage-first heap   total 174080K, used 143696K [0x0000000080000000, 0x0000000100000000)
  region size 1024K, 19 young (19456K), 1 survivors (1024K)
 Metaspace       used 120776K, capacity 124442K, committed 126672K, reserved 1159168K
  class space    used 15558K, capacity 17005K, committed 17952K, reserved 1048576K
}
Event: 202.421 GC heap after
{Heap after GC invocations=75 (full 0):
 garbage-first heap   total 235520K, used 134240K [0x0000000080000000, 0x0000000100000000)
  region size 1024K, 3 young (3072K), 3 survivors (3072K)
 Metaspace       used 120776K, capacity 124442K, committed 126672K, reserved 1159168K
  class space    used 15558K, capacity 17005K, committed 17952K, reserved 1048576K
}
Event: 202.574 GC heap before
{Heap before GC invocations=75 (full 0):
 garbage-first heap   total 235520K, used 170080K [0x0000000080000000, 0x0000000100000000)
  region size 1024K, 39 young (39936K), 3 survivors (3072K)
 Metaspace       used 120840K, capacity 124513K, committed 126928K, reserved 1159168K
  class space    used 15558K, capacity 17005K, committed 17952K, reserved 1048576K
}
Event: 202.590 GC heap after
{Heap after GC invocations=76 (full 0):
 garbage-first heap   total 235520K, used 154178K [0x0000000080000000, 0x0000000100000000)
  region size 1024K, 5 young (5120K), 5 survivors (5120K)
 Metaspace       used 120840K, capacity 124513K, committed 126928K, reserved 1159168K
  class space    used 15558K, capacity 17005K, committed 17952K, reserved 1048576K
}
Event: 202.752 GC heap before
{Heap before GC invocations=76 (full 0):
 garbage-first heap   total 235520K, used 179778K [0x0000000080000000, 0x0000000100000000)
  region size 1024K, 31 young (31744K), 5 survivors (5120K)
 Metaspace       used 121245K, capacity 124922K, committed 126928K, reserved 1159168K
  class space    used 15624K, capacity 17094K, committed 17952K, reserved 1048576K
}
Event: 202.762 GC heap after
{Heap after GC invocations=77 (full 0):
 garbage-first heap   total 235520K, used 159414K [0x0000000080000000, 0x0000000100000000)
  region size 1024K, 4 young (4096K), 4 survivors (4096K)
 Metaspace       used 121245K, capacity 124922K, committed 126928K, reserved 1159168K
  class space    used 15624K, capacity 17094K, committed 17952K, reserved 1048576K
}
Event: 202.875 GC heap before
{Heap before GC invocations=77 (full 0):
 garbage-first heap   total 235520K, used 185014K [0x0000000080000000, 0x0000000100000000)
  region size 1024K, 30 young (30720K), 4 survivors (4096K)
 Metaspace       used 121410K, capacity 125113K, committed 127184K, reserved 1159168K
  class space    used 15633K, capacity 17108K, committed 17952K, reserved 1048576K
}
Event: 202.880 GC heap after
{Heap after GC invocations=78 (full 0):
 garbage-first heap   total 235520K, used 162361K [0x0000000080000000, 0x0000000100000000)
  region size 1024K, 3 young (3072K), 3 survivors (3072K)
 Metaspace       used 121410K, capacity 125113K, committed 127184K, reserved 1159168K
  class space    used 15633K, capacity 17108K, committed 17952K, reserved 1048576K
}
Event: 203.029 GC heap before
{Heap before GC invocations=78 (full 0):
 garbage-first heap   total 235520K, used 193081K [0x0000000080000000, 0x0000000100000000)
  region size 1024K, 29 young (29696K), 3 survivors (3072K)
 Metaspace       used 121456K, capacity 125245K, committed 127184K, reserved 1159168K
  class space    used 15633K, capacity 17108K, committed 17952K, reserved 1048576K
}

